<?xml version="1.0" encoding="UTF-8"?>
<testsuite xmlns:xsi="http://www.w3.org/2001/XMLSchema-instance" xsi:noNamespaceSchemaLocation="https://maven.apache.org/surefire/maven-surefire-plugin/xsd/surefire-test-report.xsd" name="CucumberProj.CucumberProj.TestRunner" time="0.746" tests="4" errors="0" skipped="0" failures="0">
  <properties>
[...]
</properties>
  <testcase name="Given start the app" classname="Scenario: To test" time="0.001"/>
  <testcase name="Then login" classname="Scenario: To test" time="0"/>
  <testcase name="When Shut" classname="Scenario: To test" time="0"/>
  <testcase name="Scenario: To test" classname="Scenario: To test" time="0.001"/>
</testsuite>